{"/home/steve-leve/projects/cloudflare-retrieval-augmented-generation-example/src/types/index.ts": {"path":"/home/steve-leve/projects/cloudflare-retrieval-augmented-generation-example/src/types/index.ts","statementMap":{"0":{"start":{"line":120,"column":7},"end":{"line":120,"column":null}},"1":{"start":{"line":121,"column":2},"end":{"line":121,"column":null}},"2":{"start":{"line":122,"column":2},"end":{"line":122,"column":null}},"3":{"start":{"line":123,"column":2},"end":{"line":123,"column":null}},"4":{"start":{"line":124,"column":2},"end":{"line":124,"column":null}},"5":{"start":{"line":120,"column":12},"end":{"line":120,"column":null}}},"fnMap":{"0":{"name":"(anonymous_0)","decl":{"start":{"line":120,"column":7},"end":{"line":120,"column":12}},"loc":{"start":{"line":120,"column":7},"end":{"line":120,"column":null}},"line":120}},"branchMap":{"0":{"loc":{"start":{"line":120,"column":12},"end":{"line":120,"column":null}},"type":"binary-expr","locations":[{"start":{"line":120,"column":12},"end":{"line":120,"column":null}},{"start":{"line":120,"column":12},"end":{"line":120,"column":null}}],"line":120}},"s":{"0":2,"1":2,"2":2,"3":2,"4":2,"5":2},"f":{"0":2},"b":{"0":[2,2]},"meta":{"lastBranch":1,"lastFunction":1,"lastStatement":6,"seen":{"s:120:7:120:Infinity":0,"f:120:7:120:12":0,"s:121:2:121:Infinity":1,"s:122:2:122:Infinity":2,"s:123:2:123:Infinity":3,"s:124:2:124:Infinity":4,"s:120:12:120:Infinity":5,"b:120:12:120:Infinity:120:12:120:Infinity":0}}}
,"/home/steve-leve/projects/cloudflare-retrieval-augmented-generation-example/src/utils/document-store.ts": {"path":"/home/steve-leve/projects/cloudflare-retrieval-augmented-generation-example/src/utils/document-store.ts","statementMap":{"0":{"start":{"line":23,"column":36},"end":{"line":23,"column":null}},"1":{"start":{"line":30,"column":4},"end":{"line":30,"column":null}},"2":{"start":{"line":31,"column":4},"end":{"line":31,"column":null}},"3":{"start":{"line":32,"column":4},"end":{"line":32,"column":null}},"4":{"start":{"line":33,"column":4},"end":{"line":33,"column":null}},"5":{"start":{"line":40,"column":4},"end":{"line":40,"column":null}},"6":{"start":{"line":50,"column":4},"end":{"line":50,"column":null}},"7":{"start":{"line":51,"column":4},"end":{"line":51,"column":null}},"8":{"start":{"line":53,"column":4},"end":{"line":107,"column":null}},"9":{"start":{"line":55,"column":40},"end":{"line":63,"column":null}},"10":{"start":{"line":66,"column":20},"end":{"line":66,"column":null}},"11":{"start":{"line":67,"column":6},"end":{"line":67,"column":null}},"12":{"start":{"line":69,"column":6},"end":{"line":75,"column":null}},"13":{"start":{"line":77,"column":6},"end":{"line":77,"column":null}},"14":{"start":{"line":80,"column":6},"end":{"line":80,"column":null}},"15":{"start":{"line":82,"column":6},"end":{"line":95,"column":null}},"16":{"start":{"line":97,"column":6},"end":{"line":97,"column":null}},"17":{"start":{"line":98,"column":6},"end":{"line":98,"column":null}},"18":{"start":{"line":100,"column":6},"end":{"line":104,"column":null}},"19":{"start":{"line":105,"column":6},"end":{"line":105,"column":null}},"20":{"start":{"line":106,"column":6},"end":{"line":106,"column":null}},"21":{"start":{"line":114,"column":4},"end":{"line":114,"column":null}},"22":{"start":{"line":115,"column":4},"end":{"line":115,"column":null}},"23":{"start":{"line":117,"column":4},"end":{"line":176,"column":null}},"24":{"start":{"line":119,"column":20},"end":{"line":119,"column":null}},"25":{"start":{"line":120,"column":21},"end":{"line":120,"column":null}},"26":{"start":{"line":122,"column":6},"end":{"line":126,"column":null}},"27":{"start":{"line":123,"column":8},"end":{"line":123,"column":null}},"28":{"start":{"line":124,"column":8},"end":{"line":124,"column":null}},"29":{"start":{"line":125,"column":8},"end":{"line":125,"column":null}},"30":{"start":{"line":128,"column":6},"end":{"line":128,"column":null}},"31":{"start":{"line":131,"column":29},"end":{"line":134,"column":null}},"32":{"start":{"line":136,"column":6},"end":{"line":141,"column":null}},"33":{"start":{"line":137,"column":8},"end":{"line":137,"column":null}},"34":{"start":{"line":139,"column":8},"end":{"line":139,"column":null}},"35":{"start":{"line":140,"column":8},"end":{"line":140,"column":null}},"36":{"start":{"line":144,"column":27},"end":{"line":147,"column":null}},"37":{"start":{"line":149,"column":21},"end":{"line":149,"column":null}},"38":{"start":{"line":150,"column":6},"end":{"line":150,"column":null}},"39":{"start":{"line":152,"column":41},"end":{"line":154,"column":null}},"40":{"start":{"line":156,"column":43},"end":{"line":164,"column":null}},"41":{"start":{"line":166,"column":6},"end":{"line":166,"column":null}},"42":{"start":{"line":167,"column":6},"end":{"line":167,"column":null}},"43":{"start":{"line":169,"column":6},"end":{"line":173,"column":null}},"44":{"start":{"line":174,"column":6},"end":{"line":174,"column":null}},"45":{"start":{"line":175,"column":6},"end":{"line":175,"column":null}},"46":{"start":{"line":183,"column":4},"end":{"line":183,"column":null}},"47":{"start":{"line":185,"column":4},"end":{"line":199,"column":null}},"48":{"start":{"line":186,"column":6},"end":{"line":189,"column":null}},"49":{"start":{"line":191,"column":6},"end":{"line":191,"column":null}},"50":{"start":{"line":193,"column":6},"end":{"line":197,"column":null}},"51":{"start":{"line":198,"column":6},"end":{"line":198,"column":null}},"52":{"start":{"line":206,"column":4},"end":{"line":211,"column":null}},"53":{"start":{"line":213,"column":4},"end":{"line":229,"column":null}},"54":{"start":{"line":214,"column":6},"end":{"line":219,"column":null}},"55":{"start":{"line":221,"column":6},"end":{"line":221,"column":null}},"56":{"start":{"line":223,"column":6},"end":{"line":227,"column":null}},"57":{"start":{"line":228,"column":6},"end":{"line":228,"column":null}},"58":{"start":{"line":237,"column":4},"end":{"line":237,"column":null}},"59":{"start":{"line":238,"column":4},"end":{"line":238,"column":null}},"60":{"start":{"line":240,"column":4},"end":{"line":278,"column":null}},"61":{"start":{"line":242,"column":6},"end":{"line":242,"column":null}},"62":{"start":{"line":243,"column":26},"end":{"line":246,"column":null}},"63":{"start":{"line":247,"column":22},"end":{"line":247,"column":null}},"64":{"start":{"line":247,"column":52},"end":{"line":247,"column":56}},"65":{"start":{"line":248,"column":6},"end":{"line":248,"column":null}},"66":{"start":{"line":251,"column":6},"end":{"line":255,"column":null}},"67":{"start":{"line":252,"column":8},"end":{"line":252,"column":null}},"68":{"start":{"line":253,"column":8},"end":{"line":253,"column":null}},"69":{"start":{"line":254,"column":8},"end":{"line":254,"column":null}},"70":{"start":{"line":258,"column":20},"end":{"line":258,"column":null}},"71":{"start":{"line":259,"column":6},"end":{"line":259,"column":null}},"72":{"start":{"line":260,"column":6},"end":{"line":260,"column":null}},"73":{"start":{"line":263,"column":6},"end":{"line":266,"column":null}},"74":{"start":{"line":268,"column":6},"end":{"line":268,"column":null}},"75":{"start":{"line":269,"column":6},"end":{"line":269,"column":null}},"76":{"start":{"line":271,"column":6},"end":{"line":275,"column":null}},"77":{"start":{"line":276,"column":6},"end":{"line":276,"column":null}},"78":{"start":{"line":277,"column":6},"end":{"line":277,"column":null}},"79":{"start":{"line":285,"column":4},"end":{"line":285,"column":null}},"80":{"start":{"line":287,"column":4},"end":{"line":306,"column":null}},"81":{"start":{"line":288,"column":21},"end":{"line":293,"column":null}},"82":{"start":{"line":295,"column":24},"end":{"line":295,"column":null}},"83":{"start":{"line":296,"column":6},"end":{"line":296,"column":null}},"84":{"start":{"line":298,"column":6},"end":{"line":298,"column":null}},"85":{"start":{"line":300,"column":6},"end":{"line":304,"column":null}},"86":{"start":{"line":305,"column":6},"end":{"line":305,"column":null}},"87":{"start":{"line":314,"column":4},"end":{"line":316,"column":null}},"88":{"start":{"line":315,"column":6},"end":{"line":315,"column":null}},"89":{"start":{"line":319,"column":4},"end":{"line":324,"column":null}},"90":{"start":{"line":320,"column":6},"end":{"line":323,"column":null}},"91":{"start":{"line":327,"column":23},"end":{"line":327,"column":null}},"92":{"start":{"line":329,"column":4},"end":{"line":329,"column":null}},"93":{"start":{"line":331,"column":4},"end":{"line":349,"column":null}},"94":{"start":{"line":332,"column":27},"end":{"line":332,"column":null}},"95":{"start":{"line":332,"column":48},"end":{"line":332,"column":51}},"96":{"start":{"line":333,"column":21},"end":{"line":336,"column":null}},"97":{"start":{"line":338,"column":20},"end":{"line":338,"column":null}},"98":{"start":{"line":339,"column":6},"end":{"line":339,"column":null}},"99":{"start":{"line":341,"column":6},"end":{"line":341,"column":null}},"100":{"start":{"line":343,"column":6},"end":{"line":347,"column":null}},"101":{"start":{"line":348,"column":6},"end":{"line":348,"column":null}}},"fnMap":{"0":{"name":"(anonymous_0)","decl":{"start":{"line":29,"column":2},"end":{"line":29,"column":14}},"loc":{"start":{"line":29,"column":40},"end":{"line":34,"column":null}},"line":29},"1":{"name":"(anonymous_1)","decl":{"start":{"line":39,"column":10},"end":{"line":39,"column":25}},"loc":{"start":{"line":39,"column":53},"end":{"line":41,"column":null}},"line":39},"2":{"name":"(anonymous_2)","decl":{"start":{"line":46,"column":8},"end":{"line":46,"column":null}},"loc":{"start":{"line":49,"column":19},"end":{"line":108,"column":null}},"line":49},"3":{"name":"(anonymous_3)","decl":{"start":{"line":113,"column":8},"end":{"line":113,"column":20}},"loc":{"start":{"line":113,"column":76},"end":{"line":177,"column":null}},"line":113},"4":{"name":"(anonymous_4)","decl":{"start":{"line":182,"column":8},"end":{"line":182,"column":25}},"loc":{"start":{"line":182,"column":80},"end":{"line":200,"column":null}},"line":182},"5":{"name":"(anonymous_5)","decl":{"start":{"line":205,"column":8},"end":{"line":205,"column":19}},"loc":{"start":{"line":205,"column":52},"end":{"line":230,"column":null}},"line":205},"6":{"name":"(anonymous_6)","decl":{"start":{"line":236,"column":8},"end":{"line":236,"column":23}},"loc":{"start":{"line":236,"column":58},"end":{"line":279,"column":null}},"line":236},"7":{"name":"(anonymous_7)","decl":{"start":{"line":247,"column":47},"end":{"line":247,"column":52}},"loc":{"start":{"line":247,"column":52},"end":{"line":247,"column":56}},"line":247},"8":{"name":"(anonymous_8)","decl":{"start":{"line":284,"column":8},"end":{"line":284,"column":22}},"loc":{"start":{"line":284,"column":74},"end":{"line":307,"column":null}},"line":284},"9":{"name":"(anonymous_9)","decl":{"start":{"line":313,"column":8},"end":{"line":313,"column":22}},"loc":{"start":{"line":313,"column":64},"end":{"line":350,"column":null}},"line":313},"10":{"name":"(anonymous_10)","decl":{"start":{"line":332,"column":42},"end":{"line":332,"column":48}},"loc":{"start":{"line":332,"column":48},"end":{"line":332,"column":51}},"line":332}},"branchMap":{"0":{"loc":{"start":{"line":57,"column":21},"end":{"line":57,"column":null}},"type":"binary-expr","locations":[{"start":{"line":57,"column":21},"end":{"line":57,"column":42}},{"start":{"line":57,"column":42},"end":{"line":57,"column":null}}],"line":57},"1":{"loc":{"start":{"line":102,"column":8},"end":{"line":102,"column":null}},"type":"cond-expr","locations":[{"start":{"line":102,"column":33},"end":{"line":102,"column":41}},{"start":{"line":102,"column":41},"end":{"line":102,"column":null}}],"line":102},"2":{"loc":{"start":{"line":122,"column":6},"end":{"line":126,"column":null}},"type":"if","locations":[{"start":{"line":122,"column":6},"end":{"line":126,"column":null}},{"start":{},"end":{}}],"line":122},"3":{"loc":{"start":{"line":136,"column":6},"end":{"line":141,"column":null}},"type":"if","locations":[{"start":{"line":136,"column":6},"end":{"line":141,"column":null}},{"start":{},"end":{}}],"line":136},"4":{"loc":{"start":{"line":149,"column":21},"end":{"line":149,"column":null}},"type":"binary-expr","locations":[{"start":{"line":149,"column":21},"end":{"line":149,"column":45}},{"start":{"line":149,"column":45},"end":{"line":149,"column":null}}],"line":149},"5":{"loc":{"start":{"line":152,"column":41},"end":{"line":154,"column":null}},"type":"cond-expr","locations":[{"start":{"line":153,"column":10},"end":{"line":153,"column":null}},{"start":{"line":154,"column":10},"end":{"line":154,"column":null}}],"line":152},"6":{"loc":{"start":{"line":171,"column":8},"end":{"line":171,"column":null}},"type":"cond-expr","locations":[{"start":{"line":171,"column":33},"end":{"line":171,"column":41}},{"start":{"line":171,"column":41},"end":{"line":171,"column":null}}],"line":171},"7":{"loc":{"start":{"line":195,"column":8},"end":{"line":195,"column":null}},"type":"cond-expr","locations":[{"start":{"line":195,"column":33},"end":{"line":195,"column":41}},{"start":{"line":195,"column":41},"end":{"line":195,"column":null}}],"line":195},"8":{"loc":{"start":{"line":225,"column":8},"end":{"line":225,"column":null}},"type":"cond-expr","locations":[{"start":{"line":225,"column":33},"end":{"line":225,"column":41}},{"start":{"line":225,"column":41},"end":{"line":225,"column":null}}],"line":225},"9":{"loc":{"start":{"line":247,"column":22},"end":{"line":247,"column":null}},"type":"binary-expr","locations":[{"start":{"line":247,"column":22},"end":{"line":247,"column":61}},{"start":{"line":247,"column":61},"end":{"line":247,"column":null}}],"line":247},"10":{"loc":{"start":{"line":251,"column":6},"end":{"line":255,"column":null}},"type":"if","locations":[{"start":{"line":251,"column":6},"end":{"line":255,"column":null}},{"start":{},"end":{}}],"line":251},"11":{"loc":{"start":{"line":273,"column":8},"end":{"line":273,"column":null}},"type":"cond-expr","locations":[{"start":{"line":273,"column":33},"end":{"line":273,"column":41}},{"start":{"line":273,"column":41},"end":{"line":273,"column":null}}],"line":273},"12":{"loc":{"start":{"line":284,"column":22},"end":{"line":284,"column":35}},"type":"default-arg","locations":[{"start":{"line":284,"column":30},"end":{"line":284,"column":35}}],"line":284},"13":{"loc":{"start":{"line":284,"column":35},"end":{"line":284,"column":74}},"type":"default-arg","locations":[{"start":{"line":284,"column":44},"end":{"line":284,"column":74}}],"line":284},"14":{"loc":{"start":{"line":295,"column":24},"end":{"line":295,"column":null}},"type":"binary-expr","locations":[{"start":{"line":295,"column":24},"end":{"line":295,"column":42}},{"start":{"line":295,"column":42},"end":{"line":295,"column":null}}],"line":295},"15":{"loc":{"start":{"line":302,"column":8},"end":{"line":302,"column":null}},"type":"cond-expr","locations":[{"start":{"line":302,"column":33},"end":{"line":302,"column":41}},{"start":{"line":302,"column":41},"end":{"line":302,"column":null}}],"line":302},"16":{"loc":{"start":{"line":314,"column":4},"end":{"line":316,"column":null}},"type":"if","locations":[{"start":{"line":314,"column":4},"end":{"line":316,"column":null}},{"start":{},"end":{}}],"line":314},"17":{"loc":{"start":{"line":319,"column":4},"end":{"line":324,"column":null}},"type":"if","locations":[{"start":{"line":319,"column":4},"end":{"line":324,"column":null}},{"start":{},"end":{}}],"line":319},"18":{"loc":{"start":{"line":338,"column":20},"end":{"line":338,"column":null}},"type":"binary-expr","locations":[{"start":{"line":338,"column":20},"end":{"line":338,"column":38}},{"start":{"line":338,"column":38},"end":{"line":338,"column":null}}],"line":338},"19":{"loc":{"start":{"line":345,"column":8},"end":{"line":345,"column":null}},"type":"cond-expr","locations":[{"start":{"line":345,"column":33},"end":{"line":345,"column":41}},{"start":{"line":345,"column":41},"end":{"line":345,"column":null}}],"line":345}},"s":{"0":1,"1":9,"2":9,"3":9,"4":9,"5":10,"6":5,"7":5,"8":5,"9":5,"10":5,"11":5,"12":5,"13":5,"14":5,"15":5,"16":5,"17":5,"18":0,"19":0,"20":0,"21":3,"22":3,"23":3,"24":3,"25":3,"26":3,"27":2,"28":2,"29":2,"30":1,"31":1,"32":1,"33":0,"34":0,"35":0,"36":1,"37":1,"38":3,"39":3,"40":3,"41":3,"42":3,"43":0,"44":0,"45":0,"46":0,"47":0,"48":0,"49":0,"50":0,"51":0,"52":15,"53":15,"54":15,"55":15,"56":0,"57":0,"58":2,"59":2,"60":2,"61":2,"62":2,"63":2,"64":2,"65":2,"66":2,"67":1,"68":1,"69":1,"70":2,"71":2,"72":2,"73":2,"74":2,"75":2,"76":0,"77":0,"78":0,"79":1,"80":1,"81":1,"82":1,"83":1,"84":1,"85":0,"86":0,"87":5,"88":1,"89":4,"90":1,"91":4,"92":4,"93":4,"94":4,"95":1004,"96":4,"97":4,"98":5,"99":5,"100":0,"101":0},"f":{"0":9,"1":10,"2":5,"3":3,"4":0,"5":15,"6":2,"7":2,"8":1,"9":5,"10":1004},"b":{"0":[5,0],"1":[0,0],"2":[2,1],"3":[0,1],"4":[1,0],"5":[1,0],"6":[0,0],"7":[0,0],"8":[0,0],"9":[2,0],"10":[1,1],"11":[0,0],"12":[1],"13":[1],"14":[1,0],"15":[0,0],"16":[1,4],"17":[1,3],"18":[4,0],"19":[0,0]},"meta":{"lastBranch":20,"lastFunction":11,"lastStatement":102,"seen":{"s:23:36:23:Infinity":0,"f:29:2:29:14":0,"s:30:4:30:Infinity":1,"s:31:4:31:Infinity":2,"s:32:4:32:Infinity":3,"s:33:4:33:Infinity":4,"f:39:10:39:25":1,"s:40:4:40:Infinity":5,"f:46:8:46:Infinity":2,"s:50:4:50:Infinity":6,"s:51:4:51:Infinity":7,"s:53:4:107:Infinity":8,"s:55:40:63:Infinity":9,"b:57:21:57:42:57:42:57:Infinity":0,"s:66:20:66:Infinity":10,"s:67:6:67:Infinity":11,"s:69:6:75:Infinity":12,"s:77:6:77:Infinity":13,"s:80:6:80:Infinity":14,"s:82:6:95:Infinity":15,"s:97:6:97:Infinity":16,"s:98:6:98:Infinity":17,"s:100:6:104:Infinity":18,"b:102:33:102:41:102:41:102:Infinity":1,"s:105:6:105:Infinity":19,"s:106:6:106:Infinity":20,"f:113:8:113:20":3,"s:114:4:114:Infinity":21,"s:115:4:115:Infinity":22,"s:117:4:176:Infinity":23,"s:119:20:119:Infinity":24,"s:120:21:120:Infinity":25,"b:122:6:126:Infinity:undefined:undefined:undefined:undefined":2,"s:122:6:126:Infinity":26,"s:123:8:123:Infinity":27,"s:124:8:124:Infinity":28,"s:125:8:125:Infinity":29,"s:128:6:128:Infinity":30,"s:131:29:134:Infinity":31,"b:136:6:141:Infinity:undefined:undefined:undefined:undefined":3,"s:136:6:141:Infinity":32,"s:137:8:137:Infinity":33,"s:139:8:139:Infinity":34,"s:140:8:140:Infinity":35,"s:144:27:147:Infinity":36,"s:149:21:149:Infinity":37,"b:149:21:149:45:149:45:149:Infinity":4,"s:150:6:150:Infinity":38,"s:152:41:154:Infinity":39,"b:153:10:153:Infinity:154:10:154:Infinity":5,"s:156:43:164:Infinity":40,"s:166:6:166:Infinity":41,"s:167:6:167:Infinity":42,"s:169:6:173:Infinity":43,"b:171:33:171:41:171:41:171:Infinity":6,"s:174:6:174:Infinity":44,"s:175:6:175:Infinity":45,"f:182:8:182:25":4,"s:183:4:183:Infinity":46,"s:185:4:199:Infinity":47,"s:186:6:189:Infinity":48,"s:191:6:191:Infinity":49,"s:193:6:197:Infinity":50,"b:195:33:195:41:195:41:195:Infinity":7,"s:198:6:198:Infinity":51,"f:205:8:205:19":5,"s:206:4:211:Infinity":52,"s:213:4:229:Infinity":53,"s:214:6:219:Infinity":54,"s:221:6:221:Infinity":55,"s:223:6:227:Infinity":56,"b:225:33:225:41:225:41:225:Infinity":8,"s:228:6:228:Infinity":57,"f:236:8:236:23":6,"s:237:4:237:Infinity":58,"s:238:4:238:Infinity":59,"s:240:4:278:Infinity":60,"s:242:6:242:Infinity":61,"s:243:26:246:Infinity":62,"s:247:22:247:Infinity":63,"b:247:22:247:61:247:61:247:Infinity":9,"f:247:47:247:52":7,"s:247:52:247:56":64,"s:248:6:248:Infinity":65,"b:251:6:255:Infinity:undefined:undefined:undefined:undefined":10,"s:251:6:255:Infinity":66,"s:252:8:252:Infinity":67,"s:253:8:253:Infinity":68,"s:254:8:254:Infinity":69,"s:258:20:258:Infinity":70,"s:259:6:259:Infinity":71,"s:260:6:260:Infinity":72,"s:263:6:266:Infinity":73,"s:268:6:268:Infinity":74,"s:269:6:269:Infinity":75,"s:271:6:275:Infinity":76,"b:273:33:273:41:273:41:273:Infinity":11,"s:276:6:276:Infinity":77,"s:277:6:277:Infinity":78,"f:284:8:284:22":8,"b:284:30:284:35":12,"b:284:44:284:74":13,"s:285:4:285:Infinity":79,"s:287:4:306:Infinity":80,"s:288:21:293:Infinity":81,"s:295:24:295:Infinity":82,"b:295:24:295:42:295:42:295:Infinity":14,"s:296:6:296:Infinity":83,"s:298:6:298:Infinity":84,"s:300:6:304:Infinity":85,"b:302:33:302:41:302:41:302:Infinity":15,"s:305:6:305:Infinity":86,"f:313:8:313:22":9,"b:314:4:316:Infinity:undefined:undefined:undefined:undefined":16,"s:314:4:316:Infinity":87,"s:315:6:315:Infinity":88,"b:319:4:324:Infinity:undefined:undefined:undefined:undefined":17,"s:319:4:324:Infinity":89,"s:320:6:323:Infinity":90,"s:327:23:327:Infinity":91,"s:329:4:329:Infinity":92,"s:331:4:349:Infinity":93,"s:332:27:332:Infinity":94,"f:332:42:332:48":10,"s:332:48:332:51":95,"s:333:21:336:Infinity":96,"s:338:20:338:Infinity":97,"b:338:20:338:38:338:38:338:Infinity":18,"s:339:6:339:Infinity":98,"s:341:6:341:Infinity":99,"s:343:6:347:Infinity":100,"b:345:33:345:41:345:41:345:Infinity":19,"s:348:6:348:Infinity":101}}}
,"/home/steve-leve/projects/cloudflare-retrieval-augmented-generation-example/src/utils/logger.ts": {"path":"/home/steve-leve/projects/cloudflare-retrieval-augmented-generation-example/src/utils/logger.ts","statementMap":{"0":{"start":{"line":15,"column":4},"end":{"line":15,"column":null}},"1":{"start":{"line":16,"column":4},"end":{"line":16,"column":null}},"2":{"start":{"line":23,"column":4},"end":{"line":23,"column":null}},"3":{"start":{"line":30,"column":4},"end":{"line":30,"column":null}},"4":{"start":{"line":37,"column":4},"end":{"line":37,"column":null}},"5":{"start":{"line":44,"column":4},"end":{"line":44,"column":null}},"6":{"start":{"line":51,"column":4},"end":{"line":51,"column":null}},"7":{"start":{"line":58,"column":4},"end":{"line":58,"column":null}},"8":{"start":{"line":59,"column":4},"end":{"line":59,"column":null}},"9":{"start":{"line":66,"column":22},"end":{"line":66,"column":null}},"10":{"start":{"line":67,"column":4},"end":{"line":70,"column":null}},"11":{"start":{"line":68,"column":6},"end":{"line":68,"column":null}},"12":{"start":{"line":69,"column":6},"end":{"line":69,"column":null}},"13":{"start":{"line":72,"column":21},"end":{"line":72,"column":null}},"14":{"start":{"line":73,"column":4},"end":{"line":73,"column":null}},"15":{"start":{"line":75,"column":4},"end":{"line":78,"column":null}},"16":{"start":{"line":80,"column":4},"end":{"line":80,"column":null}},"17":{"start":{"line":92,"column":28},"end":{"line":97,"column":null}},"18":{"start":{"line":99,"column":4},"end":{"line":106,"column":null}},"19":{"start":{"line":100,"column":6},"end":{"line":100,"column":null}},"20":{"start":{"line":101,"column":6},"end":{"line":105,"column":null}},"21":{"start":{"line":109,"column":22},"end":{"line":109,"column":null}},"22":{"start":{"line":112,"column":4},"end":{"line":125,"column":null}},"23":{"start":{"line":114,"column":8},"end":{"line":114,"column":null}},"24":{"start":{"line":115,"column":8},"end":{"line":115,"column":null}},"25":{"start":{"line":117,"column":8},"end":{"line":117,"column":null}},"26":{"start":{"line":118,"column":8},"end":{"line":118,"column":null}},"27":{"start":{"line":120,"column":8},"end":{"line":120,"column":null}},"28":{"start":{"line":121,"column":8},"end":{"line":121,"column":null}},"29":{"start":{"line":123,"column":8},"end":{"line":123,"column":null}},"30":{"start":{"line":124,"column":8},"end":{"line":124,"column":null}},"31":{"start":{"line":132,"column":22},"end":{"line":132,"column":null}},"32":{"start":{"line":133,"column":23},"end":{"line":135,"column":null}},"33":{"start":{"line":137,"column":4},"end":{"line":137,"column":null}},"34":{"start":{"line":148,"column":4},"end":{"line":148,"column":null}},"35":{"start":{"line":149,"column":4},"end":{"line":149,"column":null}},"36":{"start":{"line":151,"column":4},"end":{"line":162,"column":null}},"37":{"start":{"line":152,"column":21},"end":{"line":152,"column":null}},"38":{"start":{"line":153,"column":6},"end":{"line":153,"column":null}},"39":{"start":{"line":154,"column":6},"end":{"line":154,"column":null}},"40":{"start":{"line":156,"column":6},"end":{"line":156,"column":null}},"41":{"start":{"line":157,"column":6},"end":{"line":160,"column":null}},"42":{"start":{"line":161,"column":6},"end":{"line":161,"column":null}},"43":{"start":{"line":170,"column":2},"end":{"line":170,"column":null}}},"fnMap":{"0":{"name":"(anonymous_0)","decl":{"start":{"line":14,"column":2},"end":{"line":14,"column":14}},"loc":{"start":{"line":14,"column":53},"end":{"line":17,"column":null}},"line":14},"1":{"name":"(anonymous_1)","decl":{"start":{"line":22,"column":2},"end":{"line":22,"column":8}},"loc":{"start":{"line":22,"column":60},"end":{"line":24,"column":null}},"line":22},"2":{"name":"(anonymous_2)","decl":{"start":{"line":29,"column":2},"end":{"line":29,"column":8}},"loc":{"start":{"line":29,"column":66},"end":{"line":31,"column":null}},"line":29},"3":{"name":"(anonymous_3)","decl":{"start":{"line":36,"column":2},"end":{"line":36,"column":7}},"loc":{"start":{"line":36,"column":65},"end":{"line":38,"column":null}},"line":36},"4":{"name":"(anonymous_4)","decl":{"start":{"line":43,"column":2},"end":{"line":43,"column":7}},"loc":{"start":{"line":43,"column":65},"end":{"line":45,"column":null}},"line":43},"5":{"name":"(anonymous_5)","decl":{"start":{"line":50,"column":2},"end":{"line":50,"column":8}},"loc":{"start":{"line":50,"column":81},"end":{"line":52,"column":null}},"line":50},"6":{"name":"(anonymous_6)","decl":{"start":{"line":57,"column":2},"end":{"line":57,"column":13}},"loc":{"start":{"line":57,"column":34},"end":{"line":60,"column":null}},"line":57},"7":{"name":"(anonymous_7)","decl":{"start":{"line":65,"column":2},"end":{"line":65,"column":11}},"loc":{"start":{"line":65,"column":69},"end":{"line":81,"column":null}},"line":65},"8":{"name":"(anonymous_8)","decl":{"start":{"line":86,"column":10},"end":{"line":86,"column":null}},"loc":{"start":{"line":91,"column":10},"end":{"line":126,"column":null}},"line":91},"9":{"name":"(anonymous_9)","decl":{"start":{"line":131,"column":10},"end":{"line":131,"column":25}},"loc":{"start":{"line":131,"column":50},"end":{"line":138,"column":null}},"line":131},"10":{"name":"(anonymous_10)","decl":{"start":{"line":143,"column":15},"end":{"line":143,"column":null}},"loc":{"start":{"line":147,"column":16},"end":{"line":163,"column":null}},"line":147},"11":{"name":"createLogger","decl":{"start":{"line":169,"column":16},"end":{"line":169,"column":29}},"loc":{"start":{"line":169,"column":72},"end":{"line":171,"column":null}},"line":169}},"branchMap":{"0":{"loc":{"start":{"line":14,"column":14},"end":{"line":14,"column":53}},"type":"default-arg","locations":[{"start":{"line":14,"column":49},"end":{"line":14,"column":53}}],"line":14},"1":{"loc":{"start":{"line":67,"column":4},"end":{"line":70,"column":null}},"type":"if","locations":[{"start":{"line":67,"column":4},"end":{"line":70,"column":null}},{"start":{},"end":{}}],"line":67},"2":{"loc":{"start":{"line":99,"column":4},"end":{"line":106,"column":null}},"type":"if","locations":[{"start":{"line":99,"column":4},"end":{"line":106,"column":null}},{"start":{},"end":{}}],"line":99},"3":{"loc":{"start":{"line":112,"column":4},"end":{"line":125,"column":null}},"type":"switch","locations":[{"start":{"line":113,"column":6},"end":{"line":115,"column":null}},{"start":{"line":116,"column":6},"end":{"line":118,"column":null}},{"start":{"line":119,"column":6},"end":{"line":121,"column":null}},{"start":{"line":122,"column":6},"end":{"line":124,"column":null}}],"line":112},"4":{"loc":{"start":{"line":133,"column":23},"end":{"line":135,"column":null}},"type":"cond-expr","locations":[{"start":{"line":134,"column":8},"end":{"line":134,"column":null}},{"start":{"line":135,"column":8},"end":{"line":135,"column":null}}],"line":133},"5":{"loc":{"start":{"line":133,"column":35},"end":{"line":133,"column":54}},"type":"binary-expr","locations":[{"start":{"line":133,"column":35},"end":{"line":133,"column":52}},{"start":{"line":133,"column":52},"end":{"line":133,"column":54}}],"line":133},"6":{"loc":{"start":{"line":159,"column":8},"end":{"line":159,"column":null}},"type":"cond-expr","locations":[{"start":{"line":159,"column":33},"end":{"line":159,"column":41}},{"start":{"line":159,"column":41},"end":{"line":159,"column":null}}],"line":159}},"s":{"0":29,"1":29,"2":10,"3":90,"4":23,"5":5,"6":2,"7":13,"8":13,"9":14,"10":14,"11":1,"12":1,"13":13,"14":13,"15":13,"16":13,"17":120,"18":120,"19":2,"20":2,"21":120,"22":120,"23":90,"24":90,"25":23,"26":23,"27":5,"28":5,"29":2,"30":2,"31":120,"32":120,"33":120,"34":2,"35":2,"36":2,"37":2,"38":1,"39":1,"40":1,"41":1,"42":1,"43":1},"f":{"0":29,"1":10,"2":90,"3":23,"4":5,"5":2,"6":13,"7":14,"8":120,"9":120,"10":2,"11":1},"b":{"0":[29],"1":[1,13],"2":[2,118],"3":[90,23,5,2],"4":[112,8],"5":[120,0],"6":[1,0]},"meta":{"lastBranch":7,"lastFunction":12,"lastStatement":44,"seen":{"f:14:2:14:14":0,"b:14:49:14:53":0,"s:15:4:15:Infinity":0,"s:16:4:16:Infinity":1,"f:22:2:22:8":1,"s:23:4:23:Infinity":2,"f:29:2:29:8":2,"s:30:4:30:Infinity":3,"f:36:2:36:7":3,"s:37:4:37:Infinity":4,"f:43:2:43:7":4,"s:44:4:44:Infinity":5,"f:50:2:50:8":5,"s:51:4:51:Infinity":6,"f:57:2:57:13":6,"s:58:4:58:Infinity":7,"s:59:4:59:Infinity":8,"f:65:2:65:11":7,"s:66:22:66:Infinity":9,"b:67:4:70:Infinity:undefined:undefined:undefined:undefined":1,"s:67:4:70:Infinity":10,"s:68:6:68:Infinity":11,"s:69:6:69:Infinity":12,"s:72:21:72:Infinity":13,"s:73:4:73:Infinity":14,"s:75:4:78:Infinity":15,"s:80:4:80:Infinity":16,"f:86:10:86:Infinity":8,"s:92:28:97:Infinity":17,"b:99:4:106:Infinity:undefined:undefined:undefined:undefined":2,"s:99:4:106:Infinity":18,"s:100:6:100:Infinity":19,"s:101:6:105:Infinity":20,"s:109:22:109:Infinity":21,"b:113:6:115:Infinity:116:6:118:Infinity:119:6:121:Infinity:122:6:124:Infinity":3,"s:112:4:125:Infinity":22,"s:114:8:114:Infinity":23,"s:115:8:115:Infinity":24,"s:117:8:117:Infinity":25,"s:118:8:118:Infinity":26,"s:120:8:120:Infinity":27,"s:121:8:121:Infinity":28,"s:123:8:123:Infinity":29,"s:124:8:124:Infinity":30,"f:131:10:131:25":9,"s:132:22:132:Infinity":31,"s:133:23:135:Infinity":32,"b:134:8:134:Infinity:135:8:135:Infinity":4,"b:133:35:133:52:133:52:133:54":5,"s:137:4:137:Infinity":33,"f:143:15:143:Infinity":10,"s:148:4:148:Infinity":34,"s:149:4:149:Infinity":35,"s:151:4:162:Infinity":36,"s:152:21:152:Infinity":37,"s:153:6:153:Infinity":38,"s:154:6:154:Infinity":39,"s:156:6:156:Infinity":40,"s:157:6:160:Infinity":41,"b:159:33:159:41:159:41:159:Infinity":6,"s:161:6:161:Infinity":42,"f:169:16:169:29":11,"s:170:2:170:Infinity":43}}}
}
